<?xml version="1.0" encoding="UTF-8"?>
<!-- Generated by org.testng.reporters.JUnitReportReporter -->
<testsuite hostname="DESKTOP-CI7BIBC" failures="0" tests="1" name="Testcases.CarLoanTest" time="0.003" errors="0" timestamp="16 Apr 2023 04:04:25 GMT" skipped="0">
  <testcase classname="Testcases.CarLoanTest" name="test3" time="0.003"/>
</testsuite> <!-- Testcases.CarLoanTest -->
