<?xml version="1.0" encoding="UTF-8"?>
<!-- Generated by org.testng.reporters.JUnitReportReporter -->
<testsuite hostname="DESKTOP-CI7BIBC" failures="0" tests="1" name="Testcases.HomeLoanTest" time="0.010" errors="0" timestamp="16 Apr 2023 04:35:05 GMT" skipped="0">
  <testcase classname="Testcases.HomeLoanTest" name="test2" time="0.010"/>
</testsuite> <!-- Testcases.HomeLoanTest -->
