<?xml version="1.0" encoding="UTF-8"?>
<!-- Generated by org.testng.reporters.JUnitReportReporter -->
<testsuite hostname="DESKTOP-CI7BIBC" failures="0" tests="1" name="Testcases.Creditcard" time="0.012" errors="0" timestamp="15 Apr 2023 06:39:13 GMT" skipped="0">
  <testcase classname="Testcases.Creditcard" name="test4" time="0.012"/>
</testsuite> <!-- Testcases.Creditcard -->
