<?xml version="1.0" encoding="UTF-8"?>
<!-- Generated by org.testng.reporters.JUnitReportReporter -->
<testsuite skipped="0" hostname="DESKTOP-CI7BIBC" name="Testcases.HomeLoanTest" tests="1" failures="0" timestamp="16 Apr 2023 04:55:31 GMT" time="0.003" errors="0">
  <testcase name="test2" time="0.003" classname="Testcases.HomeLoanTest"/>
</testsuite> <!-- Testcases.HomeLoanTest -->
